15:09:46.583 [sandbox-akka.actor.default-dispatcher-6] INFO  akka.event.slf4j.Slf4jLogger - Slf4jLogger started 
15:09:52.972 [program-resource-pool-2] INFO  c.d.p.apiserver.LedgerApiServer - Listening on localhost:6865 over plain text. 
15:09:52.997 [program-resource-pool-1] INFO  com.daml.platform.sandboxnext.Runner - Initialized sandbox version 1.17.1 with ledger-id = create-daml-app-sandbox, port = 6865, dar file = List(.daml\dist\create-daml-app-0.1.0.dar), time mode = wall-clock time, ledger = in-memory, auth-service = AuthServiceWildcard$, contract ids seeding = strong 
16:11:39.950 [sandbox-akka.actor.default-dispatcher-5] INFO  akka.event.slf4j.Slf4jLogger - Slf4jLogger started 
16:11:45.635 [program-resource-pool-2] INFO  c.d.p.apiserver.LedgerApiServer - Listening on localhost:6865 over plain text. 
16:11:45.669 [program-resource-pool-2] INFO  com.daml.platform.sandboxnext.Runner - Initialized sandbox version 1.17.1 with ledger-id = create-daml-app-sandbox, port = 6865, dar file = List(.daml\dist\create-daml-app-0.1.0.dar), time mode = wall-clock time, ledger = in-memory, auth-service = AuthServiceWildcard$, contract ids seeding = strong 
08:24:29.427 [sandbox-akka.actor.default-dispatcher-4] INFO  akka.event.slf4j.Slf4jLogger - Slf4jLogger started 
08:24:35.929 [program-resource-pool-1] INFO  c.d.p.apiserver.LedgerApiServer - Listening on localhost:6865 over plain text. 
08:24:35.950 [program-resource-pool-3] INFO  com.daml.platform.sandboxnext.Runner - Initialized sandbox version 1.17.1 with ledger-id = MyLedger, port = 6865, dar file = List(.\.daml\dist\create-daml-app-0.1.0.dar), time mode = wall-clock time, ledger = in-memory, auth-service = AuthServiceWildcard$, contract ids seeding = strong 
08:30:28.852 [sandbox-akka.actor.default-dispatcher-5] INFO  akka.event.slf4j.Slf4jLogger - Slf4jLogger started 
08:30:34.758 [program-resource-pool-3] INFO  c.d.p.apiserver.LedgerApiServer - Listening on localhost:6865 over plain text. 
08:30:34.773 [program-resource-pool-3] INFO  com.daml.platform.sandboxnext.Runner - Initialized sandbox version 1.17.1 with ledger-id = MyLedger, port = 6865, dar file = List(.\.daml\dist\create-daml-app-0.1.0.dar), time mode = wall-clock time, ledger = in-memory, auth-service = AuthServiceWildcard$, contract ids seeding = strong 
08:35:56.117 [sandbox-akka.actor.default-dispatcher-5] INFO  akka.event.slf4j.Slf4jLogger - Slf4jLogger started 
08:36:02.236 [program-resource-pool-1] INFO  c.d.p.apiserver.LedgerApiServer - Listening on localhost:6865 over plain text. 
08:36:02.289 [program-resource-pool-3] INFO  com.daml.platform.sandboxnext.Runner - Initialized sandbox version 1.17.1 with ledger-id = create-daml-app-sandbox, port = 6865, dar file = List(.daml\dist\create-daml-app-0.1.0.dar), time mode = wall-clock time, ledger = in-memory, auth-service = AuthServiceWildcard$, contract ids seeding = strong 
08:38:12.456 [sandbox-akka.actor.default-dispatcher-4] INFO  akka.event.slf4j.Slf4jLogger - Slf4jLogger started 
08:38:18.749 [program-resource-pool-2] INFO  c.d.p.apiserver.LedgerApiServer - Listening on localhost:6865 over plain text. 
08:38:18.768 [program-resource-pool-4] INFO  com.daml.platform.sandboxnext.Runner - Initialized sandbox version 1.17.1 with ledger-id = create-daml-app-sandbox, port = 6865, dar file = List(.daml\dist\create-daml-app-0.1.0.dar), time mode = wall-clock time, ledger = in-memory, auth-service = AuthServiceWildcard$, contract ids seeding = strong 
08:42:01.860 [sandbox-akka.actor.default-dispatcher-5] INFO  akka.event.slf4j.Slf4jLogger - Slf4jLogger started 
08:42:07.700 [pool-1-thread-2] INFO  c.d.p.apiserver.LedgerApiServer - Listening on localhost:6865 over plain text. 
08:42:07.724 [pool-1-thread-4] INFO  com.daml.platform.sandboxnext.Runner - Initialized sandbox version 1.8.1 with ledger-id = create-daml-app-sandbox, port = 6865, dar file = List(.daml\dist\create-daml-app-0.1.0.dar), time mode = wall-clock time, ledger = in-memory, auth-service = AuthServiceWildcard$, contract ids seeding = strong 
08:43:30.392 [sandbox-akka.actor.default-dispatcher-4] INFO  akka.event.slf4j.Slf4jLogger - Slf4jLogger started 
08:43:36.467 [program-resource-pool-1] INFO  c.d.p.apiserver.LedgerApiServer - Listening on localhost:6865 over plain text. 
08:43:36.509 [program-resource-pool-2] INFO  com.daml.platform.sandboxnext.Runner - Initialized sandbox version 1.17.1 with ledger-id = create-daml-app-sandbox, port = 6865, dar file = List(.daml\dist\create-daml-app-0.1.0.dar), time mode = wall-clock time, ledger = in-memory, auth-service = AuthServiceWildcard$, contract ids seeding = strong 
08:46:59.148 [sandbox-akka.actor.default-dispatcher-4] INFO  akka.event.slf4j.Slf4jLogger - Slf4jLogger started 
08:47:05.132 [program-resource-pool-4] INFO  c.d.p.apiserver.LedgerApiServer - Listening on localhost:6865 over plain text. 
08:47:05.224 [program-resource-pool-3] INFO  com.daml.platform.sandboxnext.Runner - Initialized sandbox version 1.17.1 with ledger-id = create-daml-app-sandbox, port = 6865, dar file = List(.daml\dist\create-daml-app-0.1.0.dar), time mode = wall-clock time, ledger = in-memory, auth-service = AuthServiceWildcard$, contract ids seeding = strong 
09:15:47.742 [sandbox-akka.actor.default-dispatcher-5] INFO  akka.event.slf4j.Slf4jLogger - Slf4jLogger started 
09:15:53.427 [program-resource-pool-1] INFO  c.d.p.apiserver.LedgerApiServer - Listening on localhost:6865 over plain text. 
09:15:53.474 [program-resource-pool-4] INFO  com.daml.platform.sandboxnext.Runner - Initialized sandbox version 1.17.1 with ledger-id = create-daml-app-sandbox, port = 6865, dar file = List(.daml\dist\create-daml-app-0.1.0.dar), time mode = wall-clock time, ledger = in-memory, auth-service = AuthServiceWildcard$, contract ids seeding = strong 
12:47:55.823 [sandbox-akka.actor.default-dispatcher-5] INFO  akka.event.slf4j.Slf4jLogger - Slf4jLogger started 
12:48:01.936 [program-resource-pool-3] INFO  c.d.p.apiserver.LedgerApiServer - Listening on localhost:6865 over plain text. 
12:48:01.991 [program-resource-pool-2] INFO  com.daml.platform.sandboxnext.Runner - Initialized sandbox version 1.17.1 with ledger-id = create-daml-app-sandbox, port = 6865, dar file = List(.daml\dist\create-daml-app-0.1.0.dar), time mode = wall-clock time, ledger = in-memory, auth-service = AuthServiceWildcard$, contract ids seeding = strong 
15:19:09.051 [sandbox-akka.actor.default-dispatcher-5] INFO  akka.event.slf4j.Slf4jLogger - Slf4jLogger started 
15:19:15.990 [program-resource-pool-3] INFO  c.d.p.apiserver.LedgerApiServer - Listening on localhost:6865 over plain text. 
15:19:16.020 [program-resource-pool-2] INFO  com.daml.platform.sandboxnext.Runner - Initialized sandbox version 1.17.1 with ledger-id = create-daml-app-sandbox, port = 6865, dar file = List(.daml\dist\create-daml-app-0.1.0.dar), time mode = wall-clock time, ledger = in-memory, auth-service = AuthServiceWildcard$, contract ids seeding = strong 
15:28:35.699 [sandbox-akka.actor.default-dispatcher-4] INFO  akka.event.slf4j.Slf4jLogger - Slf4jLogger started 
15:28:41.813 [program-resource-pool-2] INFO  c.d.p.apiserver.LedgerApiServer - Listening on localhost:6865 over plain text. 
15:28:41.845 [program-resource-pool-1] INFO  com.daml.platform.sandboxnext.Runner - Initialized sandbox version 1.17.1 with ledger-id = create-daml-app-sandbox, port = 6865, dar file = List(.daml\dist\create-daml-app-0.1.0.dar), time mode = wall-clock time, ledger = in-memory, auth-service = AuthServiceWildcard$, contract ids seeding = strong 
